Change Component Designator: Old Designator=ADP223 New Designator=ADP?
Change Component Designator: Old Designator=Back New Designator=Back?
Change Component Designator: Old Designator=Battery Pack New Designator=Battery Pack?
Change Component Designator: Old Designator=BQ24090 New Designator=BQ?
Change Component Designator: Old Designator=C8 New Designator=C?
Change Component Designator: Old Designator=C9 New Designator=C?
Change Component Designator: Old Designator=C10 New Designator=C?
Change Component Designator: Old Designator=C11 New Designator=C?
Change Component Designator: Old Designator=C12 New Designator=C?
Change Component Designator: Old Designator=C13 New Designator=C?
Change Component Designator: Old Designator=C14 New Designator=C?
Change Component Designator: Old Designator=C15 New Designator=C?
Change Component Designator: Old Designator=CHG New Designator=CHG?
Change Component Designator: Old Designator=Down New Designator=Down?
Change Component Designator: Old Designator=Enter New Designator=Enter?
Change Component Designator: Old Designator=M25P128 New Designator=M?
Change Component Designator: Old Designator=OLED New Designator=OLED?
Change Component Designator: Old Designator=ON/OFF New Designator=ON/OFF?
Change Component Designator: Old Designator=PG New Designator=PG?
Change Component Designator: Old Designator=R5 New Designator=R?
Change Component Designator: Old Designator=R6 New Designator=R?
Change Component Designator: Old Designator=R7 New Designator=R?
Change Component Designator: Old Designator=R8 New Designator=R?
Change Component Designator: Old Designator=R9 New Designator=R?
Change Component Designator: Old Designator=R10 New Designator=R?
Change Component Designator: Old Designator=R11 New Designator=R?
Change Component Designator: Old Designator=R12 New Designator=R?
Change Component Designator: Old Designator=R13 New Designator=R?
Change Component Designator: Old Designator=R14 New Designator=R?
Change Component Designator: Old Designator=R15 New Designator=R?
Change Component Designator: Old Designator=RST New Designator=RST?
Change Component Designator: Old Designator=STM8L152C6T New Designator=STM?
Change Component Designator: Old Designator=SWIM New Designator=SWIM?
Change Component Designator: Old Designator=Therm New Designator=Therm?
Change Component Designator: Old Designator=UART New Designator=UART?
Change Component Designator: Old Designator=UI New Designator=UI?
Change Component Designator: Old Designator=Up New Designator=Up?
Change Component Designator: Old Designator=USB New Designator=USB?
Change Component Designator: Old Designator=Vol+ New Designator=Vol+?
Change Component Designator: Old Designator=Vol- New Designator=Vol-?
