Change Component Designator: Old Designator=ADP? New Designator=ADP1
Change Component Designator: Old Designator=Back? New Designator=Back1
Change Component Designator: Old Designator=Battery Pack? New Designator=Battery Pack1
Change Component Designator: Old Designator=BQ? New Designator=BQ1
Change Component Designator: Old Designator=C? New Designator=C8
Change Component Designator: Old Designator=C? New Designator=C9
Change Component Designator: Old Designator=C? New Designator=C10
Change Component Designator: Old Designator=C? New Designator=C11
Change Component Designator: Old Designator=C? New Designator=C12
Change Component Designator: Old Designator=C? New Designator=C13
Change Component Designator: Old Designator=C? New Designator=C14
Change Component Designator: Old Designator=C? New Designator=C15
Change Component Designator: Old Designator=CHG? New Designator=CHG1
Change Component Designator: Old Designator=Down? New Designator=Down1
Change Component Designator: Old Designator=Enter? New Designator=Enter1
Change Component Designator: Old Designator=M? New Designator=M1
Change Component Designator: Old Designator=OLED? New Designator=OLED1
Change Component Designator: Old Designator=ON/OFF? New Designator=ON/OFF1
Change Component Designator: Old Designator=PG? New Designator=PG1
Change Component Designator: Old Designator=R? New Designator=R5
Change Component Designator: Old Designator=R? New Designator=R6
Change Component Designator: Old Designator=R? New Designator=R7
Change Component Designator: Old Designator=R? New Designator=R8
Change Component Designator: Old Designator=R? New Designator=R9
Change Component Designator: Old Designator=R? New Designator=R10
Change Component Designator: Old Designator=R? New Designator=R11
Change Component Designator: Old Designator=R? New Designator=R12
Change Component Designator: Old Designator=R? New Designator=R13
Change Component Designator: Old Designator=R? New Designator=R14
Change Component Designator: Old Designator=R? New Designator=R15
Change Component Designator: Old Designator=RST? New Designator=RST1
Change Component Designator: Old Designator=STM? New Designator=STM1
Change Component Designator: Old Designator=SWIM? New Designator=SWIM1
Change Component Designator: Old Designator=Therm? New Designator=Therm1
Change Component Designator: Old Designator=UART? New Designator=UART1
Change Component Designator: Old Designator=UI? New Designator=UI1
Change Component Designator: Old Designator=Up? New Designator=Up1
Change Component Designator: Old Designator=USB? New Designator=USB1
Change Component Designator: Old Designator=Vol+? New Designator=Vol+1
Change Component Designator: Old Designator=Vol-? New Designator=Vol-1
