Change Component Designator: Old Designator=152C New Designator=2
Change Component Designator: Old Designator=ADP223 New Designator=ADP1
Change Component Designator: Old Designator=Back New Designator=Back1
Change Component Designator: Old Designator=Battery Pack New Designator=Battery Pack1
Change Component Designator: Old Designator=BQ24090 New Designator=BQ1
Change Component Designator: Old Designator=C10 New Designator=C8
Change Component Designator: Old Designator=C11 New Designator=C9
Change Component Designator: Old Designator=C12 New Designator=C10
Change Component Designator: Old Designator=C13 New Designator=C11
Change Component Designator: Old Designator=C14 New Designator=C12
Change Component Designator: Old Designator=C15 New Designator=C13
Change Component Designator: Old Designator=C16 New Designator=C14
Change Component Designator: Old Designator=C17 New Designator=C15
Change Component Designator: Old Designator=CHG New Designator=CHG1
Change Component Designator: Old Designator=Down New Designator=Down1
Change Component Designator: Old Designator=Enter New Designator=Enter1
Change Component Designator: Old Designator=Lock New Designator=Lock1
Change Component Designator: Old Designator=M25P128 New Designator=M1
Change Component Designator: Old Designator=OLED New Designator=OLED1
Change Component Designator: Old Designator=PA2-7 New Designator=PA1
Change Component Designator: Old Designator=PG New Designator=PG1
Change Component Designator: Old Designator=RST New Designator=RST1
Change Component Designator: Old Designator=SW New Designator=SW1
Change Component Designator: Old Designator=SWIM New Designator=SWIM1
Change Component Designator: Old Designator=Thermistor NTC New Designator=Thermistor NTC1
Change Component Designator: Old Designator=UI New Designator=UI1
Change Component Designator: Old Designator=Up New Designator=Up1
Change Component Designator: Old Designator=USART New Designator=USART1
Change Component Designator: Old Designator=USB Jack Mirco-B New Designator=USB Jack Mirco-B1
Change Component Designator: Old Designator=Vol+ New Designator=Vol+1
Change Component Designator: Old Designator=Vol- New Designator=Vol-1
