Replace Part 8L152C6 STM8L152C6T in H:\ProjectFile\WPU161C\PCB\WPU161C_PCB\MCU.SchDoc with STM8L152C6T from WPU161C.SchLib
Replace Part ADP223 ADP223 in H:\ProjectFile\WPU161C\PCB\WPU161C_PCB\MCU.SchDoc with ADP223 from WPU161C.SchLib
Replace Part Back Button in H:\ProjectFile\WPU161C\PCB\WPU161C_PCB\MCU.SchDoc with Button from WPU161C.SchLib
Replace Part Batr Battery Pack in H:\ProjectFile\WPU161C\PCB\WPU161C_PCB\MCU.SchDoc with Battery Pack from WPU161C.SchLib
Replace Part BQ24090 BQ24090 in H:\ProjectFile\WPU161C\PCB\WPU161C_PCB\MCU.SchDoc with BQ24090 from WPU161C.SchLib
Replace Part C10 Capicity SMD in H:\ProjectFile\WPU161C\PCB\WPU161C_PCB\MCU.SchDoc with Capicity SMD from WPU161C.SchLib
Replace Part C11 Capicity SMD in H:\ProjectFile\WPU161C\PCB\WPU161C_PCB\MCU.SchDoc with Capicity SMD from WPU161C.SchLib
Replace Part C12 Capicity SMD in H:\ProjectFile\WPU161C\PCB\WPU161C_PCB\MCU.SchDoc with Capicity SMD from WPU161C.SchLib
Replace Part C13 Capicity SMD in H:\ProjectFile\WPU161C\PCB\WPU161C_PCB\MCU.SchDoc with Capicity SMD from WPU161C.SchLib
Replace Part C14 Capicity SMD in H:\ProjectFile\WPU161C\PCB\WPU161C_PCB\MCU.SchDoc with Capicity SMD from WPU161C.SchLib
Replace Part C15 Capicity SMD in H:\ProjectFile\WPU161C\PCB\WPU161C_PCB\MCU.SchDoc with Capicity SMD from WPU161C.SchLib
Replace Part C16 Capicity SMD in H:\ProjectFile\WPU161C\PCB\WPU161C_PCB\MCU.SchDoc with Capicity SMD from WPU161C.SchLib
Replace Part C17 Capicity SMD in H:\ProjectFile\WPU161C\PCB\WPU161C_PCB\MCU.SchDoc with Capicity SMD from WPU161C.SchLib
Replace Part CHG LED Chip in H:\ProjectFile\WPU161C\PCB\WPU161C_PCB\MCU.SchDoc with LED Chip from EButterflyIntegratedLibrary.IntLib
Replace Part Down Button in H:\ProjectFile\WPU161C\PCB\WPU161C_PCB\MCU.SchDoc with Button from WPU161C.SchLib
Replace Part Enter Button in H:\ProjectFile\WPU161C\PCB\WPU161C_PCB\MCU.SchDoc with Button from WPU161C.SchLib
Replace Part M25P128 M25P128 in H:\ProjectFile\WPU161C\PCB\WPU161C_PCB\MCU.SchDoc with M25P128 from WPU161C.SchLib
Replace Part NTC Thermistor NTC in H:\ProjectFile\WPU161C\PCB\WPU161C_PCB\MCU.SchDoc with Thermistor NTC from WPU161C.SchLib
Replace Part OLED OLED Jack in H:\ProjectFile\WPU161C\PCB\WPU161C_PCB\MCU.SchDoc with OLED Jack from WPU161C.SchLib
Replace Part ON/OFF Switch_1 in H:\ProjectFile\WPU161C\PCB\WPU161C_PCB\MCU.SchDoc with Switch_1 from WPU161C.SchLib
Replace Part PG LED Chip in H:\ProjectFile\WPU161C\PCB\WPU161C_PCB\MCU.SchDoc with LED Chip from EButterflyIntegratedLibrary.IntLib
Replace Part R5 Resistor SMD in H:\ProjectFile\WPU161C\PCB\WPU161C_PCB\MCU.SchDoc with Resistor SMD from WPU161C.SchLib
Replace Part R6 Resistor SMD in H:\ProjectFile\WPU161C\PCB\WPU161C_PCB\MCU.SchDoc with Resistor SMD from WPU161C.SchLib
Replace Part R7 Resistor SMD in H:\ProjectFile\WPU161C\PCB\WPU161C_PCB\MCU.SchDoc with Resistor SMD from WPU161C.SchLib
Replace Part R8 Resistor SMD in H:\ProjectFile\WPU161C\PCB\WPU161C_PCB\MCU.SchDoc with Resistor SMD from WPU161C.SchLib
Replace Part R9 Resistor SMD in H:\ProjectFile\WPU161C\PCB\WPU161C_PCB\MCU.SchDoc with Resistor SMD from WPU161C.SchLib
Replace Part R10 Resistor SMD in H:\ProjectFile\WPU161C\PCB\WPU161C_PCB\MCU.SchDoc with Resistor SMD from WPU161C.SchLib
Replace Part R11 Resistor SMD in H:\ProjectFile\WPU161C\PCB\WPU161C_PCB\MCU.SchDoc with Resistor SMD from WPU161C.SchLib
Replace Part R12 Resistor SMD in H:\ProjectFile\WPU161C\PCB\WPU161C_PCB\MCU.SchDoc with Resistor SMD from WPU161C.SchLib
Replace Part R13 Resistor SMD in H:\ProjectFile\WPU161C\PCB\WPU161C_PCB\MCU.SchDoc with Resistor SMD from WPU161C.SchLib
Replace Part R23 Resistor SMD in H:\ProjectFile\WPU161C\PCB\WPU161C_PCB\MCU.SchDoc with Resistor SMD from WPU161C.SchLib
Replace Part R24 Resistor SMD in H:\ProjectFile\WPU161C\PCB\WPU161C_PCB\MCU.SchDoc with Resistor SMD from WPU161C.SchLib
Replace Part RST Button in H:\ProjectFile\WPU161C\PCB\WPU161C_PCB\MCU.SchDoc with Button from WPU161C.SchLib
Replace Part SWIM Header 4 in H:\ProjectFile\WPU161C\PCB\WPU161C_PCB\MCU.SchDoc with Header 4 from Miscellaneous Connectors.IntLib
Replace Part UI Button in H:\ProjectFile\WPU161C\PCB\WPU161C_PCB\MCU.SchDoc with Button from WPU161C.SchLib
Replace Part Up Button in H:\ProjectFile\WPU161C\PCB\WPU161C_PCB\MCU.SchDoc with Button from WPU161C.SchLib
Replace Part USART Header 3 in H:\ProjectFile\WPU161C\PCB\WPU161C_PCB\MCU.SchDoc with Header 3 from Miscellaneous Connectors.IntLib
Replace Part USB USB Jack Micro-B in H:\ProjectFile\WPU161C\PCB\WPU161C_PCB\MCU.SchDoc with USB Jack Micro-B from WPU161C.SchLib
Replace Part Vol+ Button in H:\ProjectFile\WPU161C\PCB\WPU161C_PCB\MCU.SchDoc with Button from WPU161C.SchLib
Replace Part Vol- Button in H:\ProjectFile\WPU161C\PCB\WPU161C_PCB\MCU.SchDoc with Button from WPU161C.SchLib
