Change Component Designator: OldDesignator=ADG1 NewDesignator=ADG849
Change Component Designator: OldDesignator=ADP1 NewDesignator=ADP223
Change Component Designator: OldDesignator=AK1 NewDesignator=AK4637EN
Change Component Designator: OldDesignator=AN1 NewDesignator=AN
Change Component Designator: OldDesignator=Back1 NewDesignator=Back
Change Component Designator: OldDesignator=Battery Pack1 NewDesignator=Battery
Change Component Designator: OldDesignator=BQ1 NewDesignator=BQ24090
Change Component Designator: OldDesignator=CC1 NewDesignator=CC8530
Change Component Designator: OldDesignator=CC2 NewDesignator=CC2590
Change Component Designator: OldDesignator=CHG1 NewDesignator=CHG
Change Component Designator: OldDesignator=Down1 NewDesignator=Down
Change Component Designator: OldDesignator=Enter1 NewDesignator=Enter
Change Component Designator: OldDesignator=J1 NewDesignator=Line
Change Component Designator: OldDesignator=M1 NewDesignator=M25P128
Change Component Designator: OldDesignator=OLED1 NewDesignator=OLED
Change Component Designator: OldDesignator=ON/OFF1 NewDesignator=ON/OFF
Change Component Designator: OldDesignator=PG1 NewDesignator=PG
Change Component Designator: OldDesignator=RST1 NewDesignator=RST
Change Component Designator: OldDesignator=STM1 NewDesignator=STM8L152C6T
Change Component Designator: OldDesignator=SWIM1 NewDesignator=SWIM
Change Component Designator: OldDesignator=Therm1 NewDesignator=Therm
Change Component Designator: OldDesignator=UART1 NewDesignator=UART
Change Component Designator: OldDesignator=UI1 NewDesignator=UI
Change Component Designator: OldDesignator=Up1 NewDesignator=Up
Change Component Designator: OldDesignator=Vol+1 NewDesignator=Vol+
Change Component Designator: OldDesignator=Vol-1 NewDesignator=Vol-
