Added Component: Designator=2590(CC2590)
Added Component: Designator=4637(AK4637EN)
Added Component: Designator=8530(CC8530)
Added Component: Designator=ADP223(ADP223)
Added Pin To Net: NetName=Net2590_2 Pin=2590-2
Added Pin To Net: NetName=Net2590_4 Pin=2590-4
Added Pin To Net: NetName=Net2590_5 Pin=2590-5
Added Pin To Net: NetName=Net2590_6 Pin=2590-6
Added Pin To Net: NetName=Net2590_7 Pin=2590-7
Added Pin To Net: NetName=GND Pin=2590-8
Added Pin To Net: NetName=GND Pin=2590-9
Added Pin To Net: NetName=AVDD_CC2590 Pin=2590-10
Added Pin To Net: NetName=Net2590_11 Pin=2590-11
Added Pin To Net: NetName=GND Pin=2590-12
Added Pin To Net: NetName=AVDD_CC2590 Pin=2590-13
Added Pin To Net: NetName=GND Pin=2590-14
Added Pin To Net: NetName=Net2590_15 Pin=2590-15
Added Pin To Net: NetName=AVDD_CC2590 Pin=2590-16
Added Pin To Net: NetName=GND Pin=2590-17
Added Pin To Net: NetName=GND Pin=2590-17
Added Pin To Net: NetName=Net4637_1 Pin=4637-1
Added Pin To Net: NetName=Net152C_36 Pin=4637-2
Added Pin To Net: NetName=Net152C_38 Pin=4637-3
Added Pin To Net: NetName=Net152C_37 Pin=4637-4
Added Pin To Net: NetName=Net4637_5 Pin=4637-5
Added Pin To Net: NetName=Net4637_6 Pin=4637-6
Added Pin To Net: NetName=Net4637_7 Pin=4637-7
Added Pin To Net: NetName=Net4637_8 Pin=4637-8
Added Pin To Net: NetName=Net4637_9 Pin=4637-9
Added Pin To Net: NetName=+1.8V Pin=4637-10
Added Pin To Net: NetName=+1.8V Pin=4637-11
Added Pin To Net: NetName=GND Pin=4637-12
Added Pin To Net: NetName=GND Pin=4637-12
Added Pin To Net: NetName=GND Pin=4637-12
Added Pin To Net: NetName=Net4637_14 Pin=4637-14
Added Pin To Net: NetName=+3.3V Pin=4637-15
Added Pin To Net: NetName=GND Pin=4637-16
Added Pin To Net: NetName=Net4637_17 Pin=4637-17
Added Pin To Net: NetName=Net4637_18 Pin=4637-18
Added Pin To Net: NetName=GND Pin=8530-1
Added Pin To Net: NetName=IOVDD Pin=8530-2
Added Pin To Net: NetName=8530_CSN Pin=8530-3
Added Pin To Net: NetName=8530_SCLK Pin=8530-4
Added Pin To Net: NetName=8530_MOSI Pin=8530-5
Added Pin To Net: NetName=8530_MISO Pin=8530-6
Added Pin To Net: NetName=Net152C_45 Pin=8530-7
Added Pin To Net: NetName=Net152C_46 Pin=8530-8
Added Pin To Net: NetName=IOVDD Pin=8530-10
Added Pin To Net: NetName=8530_RSTN Pin=8530-11
Added Pin To Net: NetName=IOVDD Pin=8530-12
Added Pin To Net: NetName=Net8530_13 Pin=8530-13
Added Pin To Net: NetName=Net8530_14 Pin=8530-14
Added Pin To Net: NetName=Net8530_15 Pin=8530-15
Added Pin To Net: NetName=Net8530_16 Pin=8530-16
Added Pin To Net: NetName=Net8530_17 Pin=8530-17
Added Pin To Net: NetName=IOVDD Pin=8530-18
Added Pin To Net: NetName=IOVDD Pin=8530-20
Added Pin To Net: NetName=Net8530_21 Pin=8530-21
Added Pin To Net: NetName=Net8530_22 Pin=8530-22
Added Pin To Net: NetName=IOVDD Pin=8530-23
Added Pin To Net: NetName=Net2590_4 Pin=8530-24
Added Pin To Net: NetName=Net2590_2 Pin=8530-25
Added Pin To Net: NetName=IOVDD Pin=8530-26
Added Pin To Net: NetName=IOVDD Pin=8530-27
Added Pin To Net: NetName=IOVDD Pin=8530-28
Added Pin To Net: NetName=Net8530_30 Pin=8530-30
Added Pin To Net: NetName=IOVDD Pin=8530-31
Added Pin To Net: NetName=Net2590_5 Pin=8530-36
Added Pin To Net: NetName=IOVDD Pin=8530-37
Added Pin To Net: NetName=Net8530_38 Pin=8530-38
Added Pin To Net: NetName=Net8530_39 Pin=8530-39
Added Pin To Net: NetName=IOVDD Pin=8530-40
Added Pin To Net: NetName=GND Pin=8530-41
Added Pin To Net: NetName=GND Pin=8530-41
Added Pin To Net: NetName=SYSTEM LOAD Pin=ADP223-1
Added Pin To Net: NetName=SYSTEM LOAD Pin=ADP223-2
Added Pin To Net: NetName=GND Pin=ADP223-3
Added Pin To Net: NetName=GND Pin=ADP223-3
Added Pin To Net: NetName=GND Pin=ADP223-3
Added Pin To Net: NetName=GND Pin=ADP223-3
Added Pin To Net: NetName=NetADP223_4 Pin=ADP223-4
Added Pin To Net: NetName=+3.3V Pin=ADP223-5
Added Pin To Net: NetName=SYSTEM LOAD Pin=ADP223-6
Added Pin To Net: NetName=+1.8V Pin=ADP223-7
Added Pin To Net: NetName=NetADP223_8 Pin=ADP223-8
Added Member To Class: ClassName=RF Member=Component 2590 16-Pin QFN
Added Member To Class: ClassName=Audio Member=Component 4637 AK4637EN
Added Member To Class: ClassName=RF Member=Component 8530 40-Pin QFN
Added Member To Class: ClassName=MCU Member=Component ADP223 8-Pin LFCSP
