Added Component: Designator=152C(STM LQFP48)
Added Pin To Net: NetName=152C_SWIM Pin=152C-1
Added Pin To Net: NetName=152C_RST Pin=152C-2
Added Pin To Net: NetName=24090_TS Pin=152C-5
Added Pin To Net: NetName=24090_CHG Pin=152C-6
Added Pin To Net: NetName=Net152C_7 Pin=152C-7
Added Pin To Net: NetName=GND Pin=152C-9
Added Pin To Net: NetName=+3.3V Pin=152C-10
Added Pin To Net: NetName=+3.3V Pin=152C-11
Added Pin To Net: NetName=+3.3V Pin=152C-12
Added Pin To Net: NetName=Net152C_13 Pin=152C-13
Added Pin To Net: NetName=152C_KEY_BACK Pin=152C-14
Added Pin To Net: NetName=152C_KEY_DOWN Pin=152C-15
Added Pin To Net: NetName=152C_KEY_ENTER Pin=152C-16
Added Pin To Net: NetName=152C_KEY_UP Pin=152C-17
Added Pin To Net: NetName=152C_KEY_VOL- Pin=152C-18
Added Pin To Net: NetName=152C_KEY_VOL+ Pin=152C-19
Added Pin To Net: NetName=152C_M25P_HOLD# Pin=152C-22
Added Pin To Net: NetName=152C_M25P_W# Pin=152C-23
Added Pin To Net: NetName=152C_M25P_SCN Pin=152C-24
Added Pin To Net: NetName=152C_OLED_RST Pin=152C-25
Added Pin To Net: NetName=152C_OLED_D/C Pin=152C-26
Added Pin To Net: NetName=SPI_OLED_SCN Pin=152C-27
Added Pin To Net: NetName=8530_CSN Pin=152C-28
Added Pin To Net: NetName=8530_SCLK Pin=152C-29
Added Pin To Net: NetName=8530_MOSI Pin=152C-30
Added Pin To Net: NetName=8530_MISO Pin=152C-31
Added Pin To Net: NetName=Net152C_35 Pin=152C-35
Added Pin To Net: NetName=Net152C_36 Pin=152C-36
Added Pin To Net: NetName=Net152C_37 Pin=152C-37
Added Pin To Net: NetName=Net152C_38 Pin=152C-38
Added Pin To Net: NetName=+3.3V Pin=152C-39
Added Pin To Net: NetName=GND Pin=152C-40
Added Pin To Net: NetName=USART_RX Pin=152C-41
Added Pin To Net: NetName=USART_TX Pin=152C-42
Added Pin To Net: NetName=USART_CK Pin=152C-43
Added Pin To Net: NetName=8530_RSTN Pin=152C-44
Added Pin To Net: NetName=Net152C_45 Pin=152C-45
Added Pin To Net: NetName=Net152C_46 Pin=152C-46
Added Pin To Net: NetName=152C_KEY_UI Pin=152C-47
Added Member To Class: ClassName=MCU Member=Component 152C 48-Pin LQPF
