Removed Pin From Net: NetName=GND Pin=2590-8
Removed Pin From Net: NetName=GND Pin=2590-9
Removed Pin From Net: NetName=AVDD_CC2590 Pin=2590-10
Removed Pin From Net: NetName=GND Pin=2590-12
Removed Pin From Net: NetName=AVDD_CC2590 Pin=2590-13
Removed Pin From Net: NetName=GND Pin=2590-14
Removed Pin From Net: NetName=AVDD_CC2590 Pin=2590-16
Removed Pin From Net: NetName=GND Pin=2590-17
Removed Pin From Net: NetName=GND Pin=8530-1
Removed Pin From Net: NetName=IOVDD Pin=8530-2
Removed Pin From Net: NetName=8530_CSN Pin=8530-3
Removed Pin From Net: NetName=8530_SCLK Pin=8530-4
Removed Pin From Net: NetName=8530_MOSI Pin=8530-5
Removed Pin From Net: NetName=8530_MISO Pin=8530-6
Removed Pin From Net: NetName=Net152C_45 Pin=8530-7
Removed Pin From Net: NetName=Net152C_46 Pin=8530-8
Removed Pin From Net: NetName=IOVDD Pin=8530-10
Removed Pin From Net: NetName=8530_RSTN Pin=8530-11
Removed Pin From Net: NetName=IOVDD Pin=8530-12
Removed Pin From Net: NetName=IOVDD Pin=8530-18
Removed Pin From Net: NetName=IOVDD Pin=8530-20
Removed Pin From Net: NetName=IOVDD Pin=8530-23
Removed Pin From Net: NetName=IOVDD Pin=8530-26
Removed Pin From Net: NetName=IOVDD Pin=8530-27
Removed Pin From Net: NetName=IOVDD Pin=8530-28
Removed Pin From Net: NetName=IOVDD Pin=8530-31
Removed Pin From Net: NetName=IOVDD Pin=8530-37
Removed Pin From Net: NetName=IOVDD Pin=8530-40
Removed Pin From Net: NetName=GND Pin=8530-41
Removed Pin From Net: NetName=SYSTEM LOAD Pin=ADP223-1
Removed Pin From Net: NetName=SYSTEM LOAD Pin=ADP223-2
Removed Pin From Net: NetName=GND Pin=ADP223-3
Removed Pin From Net: NetName=GND Pin=ADP223-3
Removed Pin From Net: NetName=+3.3V Pin=ADP223-5
Removed Pin From Net: NetName=SYSTEM LOAD Pin=ADP223-6
Removed Pin From Net: NetName=+1.8V Pin=ADP223-7
Removed Pin From Net: NetName=USB +3.3V Pin=BQ24090-1
Removed Pin From Net: NetName=GND Pin=BQ24090-3
Removed Pin From Net: NetName=GND Pin=BQ24090-3
Removed Pin From Net: NetName=GND Pin=BQ24090-7
Removed Pin From Net: NetName=24090_CHG Pin=BQ24090-8
Removed Pin From Net: NetName=24090_TS Pin=BQ24090-9
Removed Pin From Net: NetName=NetBatr_1 Pin=BQ24090-10
Removed Pin From Net: NetName=152C_M25P_SCN Pin=M25P128-1
Removed Pin From Net: NetName=8530_MISO Pin=M25P128-2
Removed Pin From Net: NetName=152C_M25P_W# Pin=M25P128-3
Removed Pin From Net: NetName=GND Pin=M25P128-4
Removed Pin From Net: NetName=GND Pin=M25P128-4
Removed Pin From Net: NetName=8530_MOSI Pin=M25P128-5
Removed Pin From Net: NetName=8530_SCLK Pin=M25P128-6
Removed Pin From Net: NetName=152C_M25P_HOLD# Pin=M25P128-7
Removed Pin From Net: NetName=+3.3V Pin=M25P128-8
Removed Member From Class: ClassName=RF Member=2590
Removed Member From Class: ClassName=RF Member=8530
Removed Member From Class: ClassName=MCU Member=ADP223
Removed Member From Class: ClassName=MCU Member=BQ24090
Removed Member From Class: ClassName=MCU Member=M25P128
Added Pin To Net: NetName=NetC32_2 Pin=C32-2
Added Pin To Net: NetName=NetC32_2 Pin=X1-1
Added Net: Name=NetC32_2
Added Pin To Net: NetName=NetC33_2 Pin=C33-2
Added Pin To Net: NetName=NetC33_2 Pin=X1-3
Added Net: Name=NetC33_2
Added Pin To Net: NetName=NetR6_1 Pin=R6-1
Added Pin To Net: NetName=NetR6_1 Pin=R7-2
Added Net: Name=NetR6_1
Added Pin To Net: NetName=NetR8_2 Pin=R8-2
Added Pin To Net: NetName=NetR8_2 Pin=R9-2
Added Net: Name=NetR8_2
Added Pin To Net: NetName=NetR19_2 Pin=R19-2
Added Pin To Net: NetName=NetR19_2 Pin=R20-2
Added Net: Name=NetR19_2
