Removed Pin From Net: NetName=GND Pin=C1-1
Removed Pin From Net: NetName=+3.3V Pin=C1-2
Removed Pin From Net: NetName=GND Pin=C2-1
Removed Pin From Net: NetName=+3.3V Pin=C2-2
Removed Member From Class: ClassName=Audio Member=C8
Removed Member From Class: ClassName=Audio Member=C9
Change Component Designator: OldDesignator=152C NewDesignator=2
Change Component Designator: OldDesignator=2590 NewDesignator=4
Change Component Designator: OldDesignator=4637 NewDesignator=1
Change Component Designator: OldDesignator=8530 NewDesignator=3
Change Component Designator: OldDesignator=ADG849 NewDesignator=ADG1
Change Component Designator: OldDesignator=ADP223 NewDesignator=ADP1
Change Component Designator: OldDesignator=Back NewDesignator=Back1
Change Component Designator: OldDesignator=Battery Pack NewDesignator=Battery Pack1
Change Component Designator: OldDesignator=BQ24090 NewDesignator=BQ1
Change Component Designator: OldDesignator=C3 NewDesignator=C1
Change Component Designator: OldDesignator=C4 NewDesignator=C2
Change Component Designator: OldDesignator=C5 NewDesignator=C3
Change Component Designator: OldDesignator=C6 NewDesignator=C4
Change Component Designator: OldDesignator=C7 NewDesignator=C5
Change Component Designator: OldDesignator=C8 NewDesignator=C6
Change Component Designator: OldDesignator=C9 NewDesignator=C7
Change Component Designator: OldDesignator=C10 NewDesignator=C8
Change Component Designator: OldDesignator=C11 NewDesignator=C9
Change Component Designator: OldDesignator=C12 NewDesignator=C10
Change Component Designator: OldDesignator=C13 NewDesignator=C11
Change Component Designator: OldDesignator=C14 NewDesignator=C12
Change Component Designator: OldDesignator=C15 NewDesignator=C13
Change Component Designator: OldDesignator=C16 NewDesignator=C14
Change Component Designator: OldDesignator=C17 NewDesignator=C15
Change Component Designator: OldDesignator=C18 NewDesignator=C16
Change Component Designator: OldDesignator=C19 NewDesignator=C18
Change Component Designator: OldDesignator=C20 NewDesignator=C19
Change Component Designator: OldDesignator=C21 NewDesignator=C20
Change Component Designator: OldDesignator=C22 NewDesignator=C21
Change Component Designator: OldDesignator=C23 NewDesignator=C22
Change Component Designator: OldDesignator=C24 NewDesignator=C17
Change Component Designator: OldDesignator=C25 NewDesignator=C23
Change Component Designator: OldDesignator=C26 NewDesignator=C24
Change Component Designator: OldDesignator=C27 NewDesignator=C25
Change Component Designator: OldDesignator=C28 NewDesignator=C26
Change Component Designator: OldDesignator=C29 NewDesignator=C27
Change Component Designator: OldDesignator=C30 NewDesignator=C28
Change Component Designator: OldDesignator=C31 NewDesignator=C29
Change Component Designator: OldDesignator=C32 NewDesignator=C30
Change Component Designator: OldDesignator=C33 NewDesignator=C31
Change Component Designator: OldDesignator=C34 NewDesignator=C32
Change Component Designator: OldDesignator=C35 NewDesignator=C33
Change Component Designator: OldDesignator=C36 NewDesignator=C34
Change Component Designator: OldDesignator=C37 NewDesignator=C35
Change Component Designator: OldDesignator=C38 NewDesignator=C36
Change Component Designator: OldDesignator=C39 NewDesignator=C37
Change Component Designator: OldDesignator=C40 NewDesignator=C38
Change Component Designator: OldDesignator=CC Debugger NewDesignator=CC Debugger1
Change Component Designator: OldDesignator=CHG NewDesignator=CHG1
Change Component Designator: OldDesignator=Down NewDesignator=Down1
Change Component Designator: OldDesignator=Enter NewDesignator=Enter1
Change Component Designator: OldDesignator=Line NewDesignator=Line1
Change Component Designator: OldDesignator=Lock NewDesignator=Lock1
Change Component Designator: OldDesignator=M25P128 NewDesignator=M1
Change Component Designator: OldDesignator=OLED NewDesignator=OLED1
Change Component Designator: OldDesignator=PA2-7 NewDesignator=PA1
Change Component Designator: OldDesignator=PG NewDesignator=PG1
Change Component Designator: OldDesignator=RST NewDesignator=RST1
Change Component Designator: OldDesignator=SW NewDesignator=SW1
Change Component Designator: OldDesignator=SWIM NewDesignator=SWIM1
Change Component Designator: OldDesignator=Thermistor NTC NewDesignator=Thermistor NTC1
Change Component Designator: OldDesignator=UI NewDesignator=UI1
Change Component Designator: OldDesignator=Up NewDesignator=Up1
Change Component Designator: OldDesignator=USART NewDesignator=USART1
Change Component Designator: OldDesignator=USB Jack Mirco-B NewDesignator=USB Jack Mirco-B1
Change Component Designator: OldDesignator=Vol+ NewDesignator=Vol+1
Change Component Designator: OldDesignator=Vol- NewDesignator=Vol-1
Change Net Name : Old Net Name=Net152C_13 New Net Name=Net2_13
Change Net Name : Old Net Name=Net152C_35 New Net Name=Net2_35
Change Net Name : Old Net Name=Net152C_36 New Net Name=Net1_2
Change Net Name : Old Net Name=Net152C_37 New Net Name=Net1_4
Change Net Name : Old Net Name=Net152C_38 New Net Name=Net1_3
Change Net Name : Old Net Name=Net152C_45 New Net Name=Net2_45
Change Net Name : Old Net Name=Net152C_46 New Net Name=Net2_46
Change Net Name : Old Net Name=Net2590_2 New Net Name=Net3_25
Change Net Name : Old Net Name=Net2590_4 New Net Name=Net3_24
Change Net Name : Old Net Name=Net2590_5 New Net Name=Net3_36
Change Net Name : Old Net Name=Net2590_6 New Net Name=Net4_6
Change Net Name : Old Net Name=Net2590_7 New Net Name=Net4_7
Change Net Name : Old Net Name=Net2590_10 New Net Name=Net4_10
Change Net Name : Old Net Name=Net2590_11 New Net Name=Net4_11
Change Net Name : Old Net Name=Net2590_15 New Net Name=Net4_15
Change Net Name : Old Net Name=Net4637_1 New Net Name=Net1_1
Change Net Name : Old Net Name=Net4637_5 New Net Name=Net1_5
Change Net Name : Old Net Name=Net4637_6 New Net Name=Net1_6
Change Net Name : Old Net Name=Net4637_7 New Net Name=Net1_7
Change Net Name : Old Net Name=Net4637_8 New Net Name=Net1_8
Change Net Name : Old Net Name=Net4637_9 New Net Name=Net1_9
Change Net Name : Old Net Name=Net4637_14 New Net Name=Net1_14
Change Net Name : Old Net Name=Net4637_17 New Net Name=Net1_17
Change Net Name : Old Net Name=Net4637_18 New Net Name=Net1_18
Change Net Name : Old Net Name=Net8530_13 New Net Name=Net3_13
Change Net Name : Old Net Name=Net8530_14 New Net Name=Net3_14
Change Net Name : Old Net Name=Net8530_15 New Net Name=Net3_15
Change Net Name : Old Net Name=Net8530_16 New Net Name=Net3_16
Change Net Name : Old Net Name=Net8530_17 New Net Name=Net3_17
Change Net Name : Old Net Name=Net8530_21 New Net Name=Net3_21
Change Net Name : Old Net Name=Net8530_22 New Net Name=Net3_22
Change Net Name : Old Net Name=Net8530_30 New Net Name=Net3_30
Change Net Name : Old Net Name=Net8530_38 New Net Name=Net3_38
Change Net Name : Old Net Name=Net8530_39 New Net Name=Net3_39
Change Net Name : Old Net Name=NetADG849_5 New Net Name=NetADG1_5
Change Net Name : Old Net Name=NetADP223_4 New Net Name=NetADP1_4
Change Net Name : Old Net Name=NetADP223_8 New Net Name=NetADP1_8
Change Net Name : Old Net Name=NetBattery Pack_1 New Net Name=NetBattery Pack1_1
Change Net Name : Old Net Name=NetBQ24090_2 New Net Name=NetBQ1_2
Change Net Name : Old Net Name=NetBQ24090_4 New Net Name=NetBQ1_4
Change Net Name : Old Net Name=NetBQ24090_5 New Net Name=NetBQ1_5
Change Net Name : Old Net Name=NetC3_2 New Net Name=NetC1_2
Change Net Name : Old Net Name=NetC31_2 New Net Name=NetC29_2
Change Net Name : Old Net Name=NetC35_2 New Net Name=NetC33_2
Change Net Name : Old Net Name=NetCHG_1 New Net Name=NetCHG1_1
Change Net Name : Old Net Name=NetLine_2 New Net Name=NetLine1_2
Change Net Name : Old Net Name=NetPG_1 New Net Name=NetPG1_1
