Added Component: Designator=8L152C6(STM LQFP48)
Added Component: Designator=2590(CC2590)
Added Component: Designator=4637(AK4637EN)
Added Component: Designator=8530(CC8530)
Added Component: Designator=ADG849(ADG849)
Added Component: Designator=ADP223(ADP223)
Added Component: Designator=Antenna(Antenna SMA-KE)
Added Component: Designator=Back(Button)
Added Component: Designator=Batr(Battery Pack Jack - duplicate)
Added Component: Designator=BQ24090(BQ24090)
Added Component: Designator=C3(SMD 0603)
Added Component: Designator=C4(SMD 0603)
Added Component: Designator=C5(SMD 0603)
Added Component: Designator=C6(SMD 0603)
Added Component: Designator=C7(SMD 0603)
Added Component: Designator=C8(SMD 0603)
Added Component: Designator=C9(SMD 0603)
Added Component: Designator=C10(SMD 0603)
Added Component: Designator=C11(SMD 0603)
Added Component: Designator=C12(SMD 0603)
Added Component: Designator=C13(SMD 0603)
Added Component: Designator=C14(SMD 0603)
Added Component: Designator=C15(SMD 0603)
Added Component: Designator=C16(SMD 0603)
Added Component: Designator=C17(SMD 0603)
Added Component: Designator=C18(SMD 0603)
Added Component: Designator=C19(SMD 0603)
Added Component: Designator=C20(SMD 0603)
Added Component: Designator=C21(SMD 0603)
Added Component: Designator=C22(SMD 0603)
Added Component: Designator=C23(SMD 0603)
Added Component: Designator=C24(SMD 0603)
Added Component: Designator=C25(SMD 0603)
Added Component: Designator=C26(SMD 0603)
Added Component: Designator=C27(SMD 0603)
Added Component: Designator=C28(SMD 0603)
Added Component: Designator=C29(SMD 0603)
Added Component: Designator=C30(SMD 0603)
Added Component: Designator=C31(SMD 0603)
Added Component: Designator=C32(SMD 0603)
Added Component: Designator=C33(SMD 0603)
Added Component: Designator=C34(SMD 0603)
Added Component: Designator=C35(SMD 0603)
Added Component: Designator=C36(SMD 0603)
Added Component: Designator=C37(SMD 0603)
Added Component: Designator=C38(SMD 0603)
Added Component: Designator=C39(SMD 0603)
Added Component: Designator=C40(SMD 0603)
Added Component: Designator=CC Debugger(Header 7x1)
Added Component: Designator=CHG(CLED1608-0603)
Added Component: Designator=Down(Button)
Added Component: Designator=Enter(Button)
Added Component: Designator=L1(SMD 0603)
Added Component: Designator=L2(SMD 0603)
Added Component: Designator=L3(SMD 0603)
Added Component: Designator=L4(SMD 0603)
Added Component: Designator=L5(SMD 0603)
Added Component: Designator=L6(SMD 0603)
Added Component: Designator=L7(SMD 0603)
Added Component: Designator=L8(SMD 0603)
Added Component: Designator=L9(SMD 0603)
Added Component: Designator=Line(Audio Jack PJ-328)
Added Component: Designator=M25P128(M25P128)
Added Component: Designator=NTC(Header 2x1)
Added Component: Designator=OLED(OLED Jack)
Added Component: Designator=ON/OFF(Switch 1P2T)
Added Component: Designator=PG(CLED1608-0603)
Added Component: Designator=R1(SMD 0603)
Added Component: Designator=R2(SMD 0603)
Added Component: Designator=R3(SMD 0603)
Added Component: Designator=R4(SMD 0603)
Added Component: Designator=R5(SMD 0603)
Added Component: Designator=R6(SMD 0603)
Added Component: Designator=R7(SMD 0603)
Added Component: Designator=R8(SMD 0603)
Added Component: Designator=R9(SMD 0603)
Added Component: Designator=R10(SMD 0603)
Added Component: Designator=R11(SMD 0603)
Added Component: Designator=R12(SMD 0603)
Added Component: Designator=R13(SMD 0603)
Added Component: Designator=R14(SMD 0603)
Added Component: Designator=R15(SMD 0603)
Added Component: Designator=R16(SMD 0603)
Added Component: Designator=R17(SMD 0603)
Added Component: Designator=R18(SMD 0603)
Added Component: Designator=R19(SMD 0603)
Added Component: Designator=R20(SMD 0603)
Added Component: Designator=R21(SMD 0603)
Added Component: Designator=R22(SMD 0603)
Added Component: Designator=R23(SMD 0603)
Added Component: Designator=R24(SMD 0603)
Added Component: Designator=RST(Button)
Added Component: Designator=SWIM(HDR1X4)
Added Component: Designator=UI(Button)
Added Component: Designator=Up(Button)
Added Component: Designator=USART(HDR1X3)
Added Component: Designator=USB(USB Micro-B)
Added Component: Designator=Vol+(Button)
Added Component: Designator=Vol-(Button)
Added Pin To Net: NetName=+1.8V Pin=4637-10
Added Pin To Net: NetName=+1.8V Pin=4637-11
Added Pin To Net: NetName=+1.8V Pin=ADP223-7
Added Pin To Net: NetName=+1.8V Pin=C8-1
Added Pin To Net: NetName=+1.8V Pin=C9-1
Added Pin To Net: NetName=+1.8V Pin=C14-1
Added Pin To Net: NetName=+1.8V Pin=R3-2
Added Pin To Net: NetName=+1.8V Pin=R4-2
Added Pin To Net: NetName=+1.8V Pin=R7-1
Added Net: Name=+1.8V
Added Pin To Net: NetName=+3.3V Pin=8L152C6-10
Added Pin To Net: NetName=+3.3V Pin=8L152C6-11
Added Pin To Net: NetName=+3.3V Pin=8L152C6-12
Added Pin To Net: NetName=+3.3V Pin=8L152C6-39
Added Pin To Net: NetName=+3.3V Pin=4637-15
Added Pin To Net: NetName=+3.3V Pin=ADG849-2
Added Pin To Net: NetName=+3.3V Pin=ADP223-5
Added Pin To Net: NetName=+3.3V Pin=C5-1
Added Pin To Net: NetName=+3.3V Pin=C6-1
Added Pin To Net: NetName=+3.3V Pin=C12-2
Added Pin To Net: NetName=+3.3V Pin=C13-1
Added Pin To Net: NetName=+3.3V Pin=C15-2
Added Pin To Net: NetName=+3.3V Pin=CC Debugger-1
Added Pin To Net: NetName=+3.3V Pin=L1-1
Added Pin To Net: NetName=+3.3V Pin=L9-1
Added Pin To Net: NetName=+3.3V Pin=M25P128-8
Added Pin To Net: NetName=+3.3V Pin=OLED-2
Added Pin To Net: NetName=+3.3V Pin=R5-2
Added Pin To Net: NetName=+3.3V Pin=R8-1
Added Net: Name=+3.3V
Added Pin To Net: NetName=8530_CSN Pin=8L152C6-28
Added Pin To Net: NetName=8530_CSN Pin=8530-3
Added Pin To Net: NetName=8530_CSN Pin=CC Debugger-3
Added Net: Name=8530_CSN
Added Pin To Net: NetName=8530_MISO Pin=8L152C6-31
Added Pin To Net: NetName=8530_MISO Pin=8530-6
Added Pin To Net: NetName=8530_MISO Pin=CC Debugger-6
Added Pin To Net: NetName=8530_MISO Pin=M25P128-2
Added Net: Name=8530_MISO
Added Pin To Net: NetName=8530_MOSI Pin=8L152C6-30
Added Pin To Net: NetName=8530_MOSI Pin=8530-5
Added Pin To Net: NetName=8530_MOSI Pin=CC Debugger-5
Added Pin To Net: NetName=8530_MOSI Pin=M25P128-5
Added Pin To Net: NetName=8530_MOSI Pin=OLED-4
Added Net: Name=8530_MOSI
Added Pin To Net: NetName=8530_RSTN Pin=8L152C6-44
Added Pin To Net: NetName=8530_RSTN Pin=8530-11
Added Pin To Net: NetName=8530_RSTN Pin=CC Debugger-7
Added Net: Name=8530_RSTN
Added Pin To Net: NetName=8530_SCLK Pin=8L152C6-29
Added Pin To Net: NetName=8530_SCLK Pin=8530-4
Added Pin To Net: NetName=8530_SCLK Pin=CC Debugger-4
Added Pin To Net: NetName=8530_SCLK Pin=M25P128-6
Added Pin To Net: NetName=8530_SCLK Pin=OLED-3
Added Net: Name=8530_SCLK
Added Pin To Net: NetName=24090_CHG Pin=8L152C6-6
Added Pin To Net: NetName=24090_CHG Pin=BQ24090-8
Added Pin To Net: NetName=24090_CHG Pin=CHG-2
Added Net: Name=24090_CHG
Added Pin To Net: NetName=24090_TS Pin=8L152C6-5
Added Pin To Net: NetName=24090_TS Pin=BQ24090-9
Added Pin To Net: NetName=24090_TS Pin=NTC-1
Added Net: Name=24090_TS
Added Pin To Net: NetName=AVDD_CC2590 Pin=2590-10
Added Pin To Net: NetName=AVDD_CC2590 Pin=2590-13
Added Pin To Net: NetName=AVDD_CC2590 Pin=2590-16
Added Pin To Net: NetName=AVDD_CC2590 Pin=C18-2
Added Pin To Net: NetName=AVDD_CC2590 Pin=C19-2
Added Pin To Net: NetName=AVDD_CC2590 Pin=C20-2
Added Pin To Net: NetName=AVDD_CC2590 Pin=C21-2
Added Pin To Net: NetName=AVDD_CC2590 Pin=C22-2
Added Pin To Net: NetName=AVDD_CC2590 Pin=C23-2
Added Pin To Net: NetName=AVDD_CC2590 Pin=L1-2
Added Pin To Net: NetName=AVDD_CC2590 Pin=R20-1
Added Net: Name=AVDD_CC2590
Added Pin To Net: NetName=GND Pin=8L152C6-9
Added Pin To Net: NetName=GND Pin=8L152C6-40
Added Pin To Net: NetName=GND Pin=2590-8
Added Pin To Net: NetName=GND Pin=2590-9
Added Pin To Net: NetName=GND Pin=2590-12
Added Pin To Net: NetName=GND Pin=2590-14
Added Pin To Net: NetName=GND Pin=2590-17
Added Pin To Net: NetName=GND Pin=4637-12
Added Pin To Net: NetName=GND Pin=4637-12
Added Pin To Net: NetName=GND Pin=4637-16
Added Pin To Net: NetName=GND Pin=8530-1
Added Pin To Net: NetName=GND Pin=8530-41
Added Pin To Net: NetName=GND Pin=ADG849-3
Added Pin To Net: NetName=GND Pin=ADP223-3
Added Pin To Net: NetName=GND Pin=ADP223-3
Added Pin To Net: NetName=GND Pin=Back-2
Added Pin To Net: NetName=GND Pin=Batr-2
Added Pin To Net: NetName=GND Pin=BQ24090-3
Added Pin To Net: NetName=GND Pin=BQ24090-3
Added Pin To Net: NetName=GND Pin=BQ24090-7
Added Pin To Net: NetName=GND Pin=C4-2
Added Pin To Net: NetName=GND Pin=C5-2
Added Pin To Net: NetName=GND Pin=C6-2
Added Pin To Net: NetName=GND Pin=C7-2
Added Pin To Net: NetName=GND Pin=C8-2
Added Pin To Net: NetName=GND Pin=C9-2
Added Pin To Net: NetName=GND Pin=C10-1
Added Pin To Net: NetName=GND Pin=C11-1
Added Pin To Net: NetName=GND Pin=C12-1
Added Pin To Net: NetName=GND Pin=C13-2
Added Pin To Net: NetName=GND Pin=C14-2
Added Pin To Net: NetName=GND Pin=C15-1
Added Pin To Net: NetName=GND Pin=C16-1
Added Pin To Net: NetName=GND Pin=C17-1
Added Pin To Net: NetName=GND Pin=C18-1
Added Pin To Net: NetName=GND Pin=C19-1
Added Pin To Net: NetName=GND Pin=C20-1
Added Pin To Net: NetName=GND Pin=C21-1
Added Pin To Net: NetName=GND Pin=C22-1
Added Pin To Net: NetName=GND Pin=C23-1
Added Pin To Net: NetName=GND Pin=C24-1
Added Pin To Net: NetName=GND Pin=C25-2
Added Pin To Net: NetName=GND Pin=C26-1
Added Pin To Net: NetName=GND Pin=C27-1
Added Pin To Net: NetName=GND Pin=C28-1
Added Pin To Net: NetName=GND Pin=C29-1
Added Pin To Net: NetName=GND Pin=C30-1
Added Pin To Net: NetName=GND Pin=C32-1
Added Pin To Net: NetName=GND Pin=C33-1
Added Pin To Net: NetName=GND Pin=C34-2
Added Pin To Net: NetName=GND Pin=C35-1
Added Pin To Net: NetName=GND Pin=C36-1
Added Pin To Net: NetName=GND Pin=C37-1
Added Pin To Net: NetName=GND Pin=C38-1
Added Pin To Net: NetName=GND Pin=C39-1
Added Pin To Net: NetName=GND Pin=C40-1
Added Pin To Net: NetName=GND Pin=CC Debugger-2
Added Pin To Net: NetName=GND Pin=Down-2
Added Pin To Net: NetName=GND Pin=Enter-2
Added Pin To Net: NetName=GND Pin=L8-2
Added Pin To Net: NetName=GND Pin=Line-1
Added Pin To Net: NetName=GND Pin=M25P128-4
Added Pin To Net: NetName=GND Pin=M25P128-4
Added Pin To Net: NetName=GND Pin=NTC-2
Added Pin To Net: NetName=GND Pin=OLED-1
Added Pin To Net: NetName=GND Pin=R2-1
Added Pin To Net: NetName=GND Pin=R6-2
Added Pin To Net: NetName=GND Pin=R9-1
Added Pin To Net: NetName=GND Pin=R12-1
Added Pin To Net: NetName=GND Pin=R13-1
Added Pin To Net: NetName=GND Pin=R15-1
Added Pin To Net: NetName=GND Pin=R16-2
Added Pin To Net: NetName=GND Pin=R19-1
Added Pin To Net: NetName=GND Pin=R22-1
Added Pin To Net: NetName=GND Pin=R24-1
Added Pin To Net: NetName=GND Pin=RST-1
Added Pin To Net: NetName=GND Pin=SWIM-2
Added Pin To Net: NetName=GND Pin=UI-2
Added Pin To Net: NetName=GND Pin=Up-2
Added Pin To Net: NetName=GND Pin=USB-5
Added Pin To Net: NetName=GND Pin=Vol+-2
Added Pin To Net: NetName=GND Pin=Vol--2
Added Net: Name=GND
Added Pin To Net: NetName=IOVDD Pin=8530-2
Added Pin To Net: NetName=IOVDD Pin=8530-10
Added Pin To Net: NetName=IOVDD Pin=8530-12
Added Pin To Net: NetName=IOVDD Pin=8530-18
Added Pin To Net: NetName=IOVDD Pin=8530-20
Added Pin To Net: NetName=IOVDD Pin=8530-23
Added Pin To Net: NetName=IOVDD Pin=8530-26
Added Pin To Net: NetName=IOVDD Pin=8530-27
Added Pin To Net: NetName=IOVDD Pin=8530-28
Added Pin To Net: NetName=IOVDD Pin=8530-31
Added Pin To Net: NetName=IOVDD Pin=8530-37
Added Pin To Net: NetName=IOVDD Pin=8530-40
Added Pin To Net: NetName=IOVDD Pin=C24-2
Added Pin To Net: NetName=IOVDD Pin=C26-2
Added Pin To Net: NetName=IOVDD Pin=C27-2
Added Pin To Net: NetName=IOVDD Pin=C28-2
Added Pin To Net: NetName=IOVDD Pin=C29-2
Added Pin To Net: NetName=IOVDD Pin=C30-2
Added Pin To Net: NetName=IOVDD Pin=C36-2
Added Pin To Net: NetName=IOVDD Pin=C37-2
Added Pin To Net: NetName=IOVDD Pin=C38-2
Added Pin To Net: NetName=IOVDD Pin=C39-2
Added Pin To Net: NetName=IOVDD Pin=C40-2
Added Pin To Net: NetName=IOVDD Pin=L9-2
Added Net: Name=IOVDD
Added Pin To Net: NetName=Net8L152C6_7 Pin=8L152C6-7
Added Pin To Net: NetName=Net8L152C6_7 Pin=R23-1
Added Pin To Net: NetName=Net8L152C6_7 Pin=R24-2
Added Net: Name=Net8L152C6_7
Added Pin To Net: NetName=Net8L152C6_13 Pin=8L152C6-13
Added Pin To Net: NetName=Net8L152C6_13 Pin=C11-2
Added Net: Name=Net8L152C6_13
Added Pin To Net: NetName=Net8L152C6_35 Pin=8L152C6-35
Added Pin To Net: NetName=Net8L152C6_35 Pin=ADG849-1
Added Net: Name=Net8L152C6_35
Added Pin To Net: NetName=Net8L152C6_36 Pin=8L152C6-36
Added Pin To Net: NetName=Net8L152C6_36 Pin=4637-2
Added Net: Name=Net8L152C6_36
Added Pin To Net: NetName=Net8L152C6_37 Pin=8L152C6-37
Added Pin To Net: NetName=Net8L152C6_37 Pin=4637-4
Added Pin To Net: NetName=Net8L152C6_37 Pin=R4-1
Added Net: Name=Net8L152C6_37
Added Pin To Net: NetName=Net8L152C6_38 Pin=8L152C6-38
Added Pin To Net: NetName=Net8L152C6_38 Pin=4637-3
Added Pin To Net: NetName=Net8L152C6_38 Pin=R3-1
Added Net: Name=Net8L152C6_38
Added Pin To Net: NetName=Net8L152C6_45 Pin=8L152C6-45
Added Pin To Net: NetName=Net8L152C6_45 Pin=8530-7
Added Net: Name=Net8L152C6_45
Added Pin To Net: NetName=Net8L152C6_46 Pin=8L152C6-46
Added Pin To Net: NetName=Net8L152C6_46 Pin=8530-8
Added Net: Name=Net8L152C6_46
Added Pin To Net: NetName=Net2590_2 Pin=2590-2
Added Pin To Net: NetName=Net2590_2 Pin=8530-25
Added Pin To Net: NetName=Net2590_2 Pin=R17-2
Added Net: Name=Net2590_2
Added Pin To Net: NetName=Net2590_4 Pin=2590-4
Added Pin To Net: NetName=Net2590_4 Pin=8530-24
Added Pin To Net: NetName=Net2590_4 Pin=R17-1
Added Net: Name=Net2590_4
Added Pin To Net: NetName=Net2590_5 Pin=2590-5
Added Pin To Net: NetName=Net2590_5 Pin=8530-36
Added Pin To Net: NetName=Net2590_5 Pin=R15-2
Added Net: Name=Net2590_5
Added Pin To Net: NetName=Net2590_6 Pin=2590-6
Added Pin To Net: NetName=Net2590_6 Pin=R14-2
Added Net: Name=Net2590_6
Added Pin To Net: NetName=Net2590_7 Pin=2590-7
Added Pin To Net: NetName=Net2590_7 Pin=R19-2
Added Pin To Net: NetName=Net2590_7 Pin=R20-2
Added Net: Name=Net2590_7
Added Pin To Net: NetName=Net2590_11 Pin=2590-11
Added Pin To Net: NetName=Net2590_11 Pin=L6-2
Added Net: Name=Net2590_11
Added Pin To Net: NetName=Net2590_15 Pin=2590-15
Added Pin To Net: NetName=Net2590_15 Pin=R16-1
Added Net: Name=Net2590_15
Added Pin To Net: NetName=Net4637_1 Pin=4637-1
Added Pin To Net: NetName=Net4637_1 Pin=ADG849-6
Added Net: Name=Net4637_1
Added Pin To Net: NetName=Net4637_5 Pin=4637-5
Added Pin To Net: NetName=Net4637_5 Pin=R18-1
Added Net: Name=Net4637_5
Added Pin To Net: NetName=Net4637_6 Pin=4637-6
Added Pin To Net: NetName=Net4637_6 Pin=L5-1
Added Net: Name=Net4637_6
Added Pin To Net: NetName=Net4637_7 Pin=4637-7
Added Pin To Net: NetName=Net4637_7 Pin=L4-1
Added Net: Name=Net4637_7
Added Pin To Net: NetName=Net4637_8 Pin=4637-8
Added Pin To Net: NetName=Net4637_8 Pin=L3-1
Added Net: Name=Net4637_8
Added Pin To Net: NetName=Net4637_9 Pin=4637-9
Added Pin To Net: NetName=Net4637_9 Pin=L2-1
Added Net: Name=Net4637_9
Added Pin To Net: NetName=Net4637_14 Pin=4637-14
Added Pin To Net: NetName=Net4637_14 Pin=ADG849-4
Added Net: Name=Net4637_14
Added Pin To Net: NetName=Net4637_17 Pin=4637-17
Added Pin To Net: NetName=Net4637_17 Pin=C7-1
Added Net: Name=Net4637_17
Added Pin To Net: NetName=Net4637_18 Pin=4637-18
Added Pin To Net: NetName=Net4637_18 Pin=C4-1
Added Net: Name=Net4637_18
Added Pin To Net: NetName=Net8530_13 Pin=8530-13
Added Pin To Net: NetName=Net8530_13 Pin=L2-2
Added Net: Name=Net8530_13
Added Pin To Net: NetName=Net8530_14 Pin=8530-14
Added Pin To Net: NetName=Net8530_14 Pin=L3-2
Added Net: Name=Net8530_14
Added Pin To Net: NetName=Net8530_15 Pin=8530-15
Added Pin To Net: NetName=Net8530_15 Pin=L4-2
Added Net: Name=Net8530_15
Added Pin To Net: NetName=Net8530_16 Pin=8530-16
Added Pin To Net: NetName=Net8530_16 Pin=L5-2
Added Net: Name=Net8530_16
Added Pin To Net: NetName=Net8530_17 Pin=8530-17
Added Pin To Net: NetName=Net8530_17 Pin=R18-2
Added Net: Name=Net8530_17
Added Pin To Net: NetName=Net8530_21 Pin=8530-21
Added Pin To Net: NetName=Net8530_21 Pin=C32-2
Added Net: Name=Net8530_21
Added Pin To Net: NetName=Net8530_22 Pin=8530-22
Added Pin To Net: NetName=Net8530_22 Pin=C33-2
Added Net: Name=Net8530_22
Added Pin To Net: NetName=Net8530_30 Pin=8530-30
Added Pin To Net: NetName=Net8530_30 Pin=R21-2
Added Net: Name=Net8530_30
Added Pin To Net: NetName=Net8530_38 Pin=8530-38
Added Pin To Net: NetName=Net8530_38 Pin=R14-1
Added Net: Name=Net8530_38
Added Pin To Net: NetName=Net8530_39 Pin=8530-39
Added Pin To Net: NetName=Net8530_39 Pin=C25-1
Added Net: Name=Net8530_39
Added Pin To Net: NetName=NetADG849_5 Pin=ADG849-5
Added Pin To Net: NetName=NetADG849_5 Pin=C3-1
Added Net: Name=NetADG849_5
Added Pin To Net: NetName=NetADP223_4 Pin=ADP223-4
Added Pin To Net: NetName=NetADP223_4 Pin=R8-2
Added Pin To Net: NetName=NetADP223_4 Pin=R9-2
Added Net: Name=NetADP223_4
Added Pin To Net: NetName=NetADP223_8 Pin=ADP223-8
Added Pin To Net: NetName=NetADP223_8 Pin=R6-1
Added Pin To Net: NetName=NetADP223_8 Pin=R7-2
Added Net: Name=NetADP223_8
Added Pin To Net: NetName=NetAntenna_1 Pin=Antenna-1
Added Pin To Net: NetName=NetAntenna_1 Pin=C31-1
Added Pin To Net: NetName=NetAntenna_1 Pin=C34-1
Added Pin To Net: NetName=NetAntenna_1 Pin=L8-1
Added Net: Name=NetAntenna_1
Added Pin To Net: NetName=NetBatr_1 Pin=Batr-1
Added Pin To Net: NetName=NetBatr_1 Pin=BQ24090-10
Added Pin To Net: NetName=NetBatr_1 Pin=C16-2
Added Pin To Net: NetName=NetBatr_1 Pin=ON/OFF-2
Added Pin To Net: NetName=NetBatr_1 Pin=ON/OFF-2
Added Pin To Net: NetName=NetBatr_1 Pin=R10-2
Added Pin To Net: NetName=NetBatr_1 Pin=R11-2
Added Net: Name=NetBatr_1
Added Pin To Net: NetName=NetBQ24090_2 Pin=BQ24090-2
Added Pin To Net: NetName=NetBQ24090_2 Pin=R12-2
Added Net: Name=NetBQ24090_2
Added Pin To Net: NetName=NetBQ24090_4 Pin=BQ24090-4
Added Pin To Net: NetName=NetBQ24090_4 Pin=R13-2
Added Net: Name=NetBQ24090_4
Added Pin To Net: NetName=NetBQ24090_5 Pin=BQ24090-5
Added Pin To Net: NetName=NetBQ24090_5 Pin=PG-2
Added Net: Name=NetBQ24090_5
Added Pin To Net: NetName=NetC3_2 Pin=C3-2
Added Pin To Net: NetName=NetC3_2 Pin=R1-1
Added Net: Name=NetC3_2
Added Pin To Net: NetName=NetC31_2 Pin=C31-2
Added Pin To Net: NetName=NetC31_2 Pin=L7-1
Added Net: Name=NetC31_2
Added Pin To Net: NetName=NetC35_2 Pin=C35-2
Added Pin To Net: NetName=NetC35_2 Pin=L6-1
Added Pin To Net: NetName=NetC35_2 Pin=L7-2
Added Net: Name=NetC35_2
Added Pin To Net: NetName=NetCHG_1 Pin=CHG-1
Added Pin To Net: NetName=NetCHG_1 Pin=R11-1
Added Net: Name=NetCHG_1
Added Pin To Net: NetName=NetLine_2 Pin=Line-2
Added Pin To Net: NetName=NetLine_2 Pin=Line-3
Added Pin To Net: NetName=NetLine_2 Pin=R1-2
Added Pin To Net: NetName=NetLine_2 Pin=R2-2
Added Net: Name=NetLine_2
Added Pin To Net: NetName=NetPG_1 Pin=PG-1
Added Pin To Net: NetName=NetPG_1 Pin=R10-1
Added Net: Name=NetPG_1
Added Pin To Net: NetName=NetR21_1 Pin=R21-1
Added Pin To Net: NetName=NetR21_1 Pin=R22-2
Added Net: Name=NetR21_1
Added Pin To Net: NetName=SPI_OLED_SCN Pin=8L152C6-27
Added Pin To Net: NetName=SPI_OLED_SCN Pin=OLED-7
Added Net: Name=SPI_OLED_SCN
Added Pin To Net: NetName=STM8_KEY_BACK Pin=8L152C6-14
Added Pin To Net: NetName=STM8_KEY_BACK Pin=Back-1
Added Net: Name=STM8_KEY_BACK
Added Pin To Net: NetName=STM8_KEY_DOWN Pin=8L152C6-15
Added Pin To Net: NetName=STM8_KEY_DOWN Pin=Down-1
Added Net: Name=STM8_KEY_DOWN
Added Pin To Net: NetName=STM8_KEY_ENTER Pin=8L152C6-16
Added Pin To Net: NetName=STM8_KEY_ENTER Pin=Enter-1
Added Net: Name=STM8_KEY_ENTER
Added Pin To Net: NetName=STM8_KEY_UI Pin=8L152C6-47
Added Pin To Net: NetName=STM8_KEY_UI Pin=UI-1
Added Net: Name=STM8_KEY_UI
Added Pin To Net: NetName=STM8_KEY_UP Pin=8L152C6-17
Added Pin To Net: NetName=STM8_KEY_UP Pin=Up-1
Added Net: Name=STM8_KEY_UP
Added Pin To Net: NetName=STM8_KEY_VOL+ Pin=8L152C6-19
Added Pin To Net: NetName=STM8_KEY_VOL+ Pin=Vol+-1
Added Net: Name=STM8_KEY_VOL+
Added Pin To Net: NetName=STM8_KEY_VOL- Pin=8L152C6-18
Added Pin To Net: NetName=STM8_KEY_VOL- Pin=Vol--1
Added Net: Name=STM8_KEY_VOL-
Added Pin To Net: NetName=STM8_M25P_HOLD# Pin=8L152C6-22
Added Pin To Net: NetName=STM8_M25P_HOLD# Pin=M25P128-7
Added Net: Name=STM8_M25P_HOLD#
Added Pin To Net: NetName=STM8_M25P_SCN Pin=8L152C6-24
Added Pin To Net: NetName=STM8_M25P_SCN Pin=M25P128-1
Added Net: Name=STM8_M25P_SCN
Added Pin To Net: NetName=STM8_M25P_W# Pin=8L152C6-23
Added Pin To Net: NetName=STM8_M25P_W# Pin=M25P128-3
Added Net: Name=STM8_M25P_W#
Added Pin To Net: NetName=STM8_OLED_D/C Pin=8L152C6-26
Added Pin To Net: NetName=STM8_OLED_D/C Pin=OLED-6
Added Net: Name=STM8_OLED_D/C
Added Pin To Net: NetName=STM8_OLED_RST Pin=8L152C6-25
Added Pin To Net: NetName=STM8_OLED_RST Pin=OLED-5
Added Net: Name=STM8_OLED_RST
Added Pin To Net: NetName=STM8_RST Pin=8L152C6-2
Added Pin To Net: NetName=STM8_RST Pin=C10-2
Added Pin To Net: NetName=STM8_RST Pin=R5-1
Added Pin To Net: NetName=STM8_RST Pin=RST-2
Added Pin To Net: NetName=STM8_RST Pin=SWIM-1
Added Net: Name=STM8_RST
Added Pin To Net: NetName=STM8_SWIM Pin=8L152C6-1
Added Pin To Net: NetName=STM8_SWIM Pin=SWIM-3
Added Net: Name=STM8_SWIM
Added Pin To Net: NetName=SYSTEM LOAD Pin=ADP223-1
Added Pin To Net: NetName=SYSTEM LOAD Pin=ADP223-2
Added Pin To Net: NetName=SYSTEM LOAD Pin=ADP223-6
Added Pin To Net: NetName=SYSTEM LOAD Pin=ON/OFF-1
Added Pin To Net: NetName=SYSTEM LOAD Pin=ON/OFF-1
Added Pin To Net: NetName=SYSTEM LOAD Pin=R23-2
Added Net: Name=SYSTEM LOAD
Added Pin To Net: NetName=USART_CK Pin=8L152C6-43
Added Pin To Net: NetName=USART_CK Pin=USART-1
Added Net: Name=USART_CK
Added Pin To Net: NetName=USART_RX Pin=8L152C6-41
Added Pin To Net: NetName=USART_RX Pin=USART-3
Added Net: Name=USART_RX
Added Pin To Net: NetName=USART_TX Pin=8L152C6-42
Added Pin To Net: NetName=USART_TX Pin=USART-2
Added Net: Name=USART_TX
Added Pin To Net: NetName=USB +5V Pin=BQ24090-1
Added Pin To Net: NetName=USB +5V Pin=C17-2
Added Pin To Net: NetName=USB +5V Pin=SWIM-4
Added Pin To Net: NetName=USB +5V Pin=USB-1
Added Net: Name=USB +5V
Added Class: Name=Audio
Added Class: Name=MCU
Added Class: Name=RF
Added Room: Name=Audio
Added Room: Name=MCU
Added Room: Name=RF
